<?xml version="1.0" encoding="UTF-8"?>
<!-- Generated by org.testng.reporters.JUnitReportReporter -->
<testsuite hostname="DESKTOP-E9SKAKK" failures="0" tests="1" name="com.master_module.MasterModuleTestScripts" time="25.636" errors="0" timestamp="2023-05-04T17:02:25 IST" skipped="0">
  <testcase classname="com.master_module.MasterModuleTestScripts" name="verifyAdminLoginPage" time="25.636"/>
  <system-out/>
</testsuite> <!-- com.master_module.MasterModuleTestScripts -->
