<?xml version="1.0" encoding="UTF-8"?>
<!-- Generated by org.testng.reporters.JUnitReportReporter -->
<testsuite hostname="DESKTOP-E9SKAKK" failures="0" tests="1" name="com.master_module.MasterModuleTestScripts" time="25.971" errors="0" timestamp="2023-05-05T16:41:30 IST" skipped="0">
  <testcase classname="com.master_module.MasterModuleTestScripts" name="verifyNavigateFunctionalityInCustomer" time="25.971"/>
  <system-out/>
</testsuite> <!-- com.master_module.MasterModuleTestScripts -->
