<?xml version="1.0" encoding="UTF-8"?>
<!-- Generated by org.testng.reporters.JUnitReportReporter -->
<testsuite hostname="DESKTOP-E9SKAKK" failures="0" tests="1" name="com.master_module.SuperadminModuleTestScripts" time="179.020" errors="0" timestamp="2023-05-10T11:23:31 IST" skipped="0">
  <testcase classname="com.master_module.SuperadminModuleTestScripts" name="verifycreatenewcompany" time="179.020"/>
  <system-out/>
</testsuite> <!-- com.master_module.SuperadminModuleTestScripts -->
