<?xml version="1.0" encoding="UTF-8"?>
<!-- Generated by org.testng.reporters.JUnitReportReporter -->
<testsuite hostname="DESKTOP-E9SKAKK" failures="0" tests="3" name="com.master_module.A" time="0.019" errors="0" timestamp="2023-05-11T18:14:33 IST" skipped="0">
  <testcase classname="com.master_module.A" name="a" time="0.015"/>
  <system-out/>
  <testcase classname="com.master_module.A" name="b" time="0.002"/>
  <system-out/>
  <testcase classname="com.master_module.A" name="c" time="0.002"/>
  <system-out/>
</testsuite> <!-- com.master_module.A -->
