<?xml version="1.0" encoding="UTF-8"?>
<!-- Generated by org.testng.reporters.JUnitReportReporter -->
<testsuite hostname="DESKTOP-E9SKAKK" failures="0" tests="1" name="com.master_module.MasterModuleTestScripts" time="21.937" errors="0" timestamp="2023-05-12T14:41:31 IST" skipped="0">
  <testcase classname="com.master_module.MasterModuleTestScripts" name="verifyNavigateFunctionalityInServiceTypeCard" time="21.937"/>
  <system-out/>
</testsuite> <!-- com.master_module.MasterModuleTestScripts -->
