<?xml version="1.0" encoding="UTF-8"?>
<!-- Generated by org.testng.reporters.JUnitReportReporter -->
<testsuite hostname="DESKTOP-E9SKAKK" failures="0" tests="1" name="com.master_module.MasterModuleTestScripts" time="8.186" errors="0" timestamp="2023-05-03T17:15:15 IST" skipped="0">
  <testcase classname="com.master_module.MasterModuleTestScripts" name="verifyAdminLoginPage" time="8.186"/>
  <system-out/>
</testsuite> <!-- com.master_module.MasterModuleTestScripts -->
